  [1m[36m (1.4ms)[0m  [1mCREATE TABLE "schema_migrations" ("version" varchar NOT NULL) [0m
  [1m[35m (0.1ms)[0m  select sqlite_version(*)
  [1m[36m (1.1ms)[0m  [1mCREATE UNIQUE INDEX "unique_schema_migrations" ON "schema_migrations" ("version")[0m
  [1m[35mActiveRecord::SchemaMigration Load (0.1ms)[0m  SELECT "schema_migrations".* FROM "schema_migrations"


Started GET "/" for ::1 at 2015-11-16 16:12:00 -0600
Processing by Rails::WelcomeController#index as HTML
  Rendered /Users/admin/.rvm/gems/ruby-2.1.2/gems/railties-4.2.3/lib/rails/templates/rails/welcome/index.html.erb (1.9ms)
Completed 200 OK in 48ms (Views: 36.7ms | ActiveRecord: 0.0ms)


Started GET "/" for ::1 at 2019-01-12 13:30:51 -0500
Processing by Rails::WelcomeController#index as HTML
  Rendered /Users/blaircarroll/.rvm/gems/ruby-2.5.3/gems/railties-4.2.11/lib/rails/templates/rails/welcome/index.html.erb (1.8ms)
Completed 200 OK in 19ms (Views: 12.7ms | ActiveRecord: 0.0ms)


Started GET "/" for ::1 at 2019-01-12 13:32:54 -0500
Processing by Rails::WelcomeController#index as HTML
  Rendered /Users/blaircarroll/.rvm/gems/ruby-2.5.3/gems/railties-4.2.11/lib/rails/templates/rails/welcome/index.html.erb (0.0ms)
Completed 200 OK in 3ms (Views: 2.8ms | ActiveRecord: 0.0ms)


Started GET "/" for ::1 at 2019-01-12 21:46:47 -0500
Processing by Rails::WelcomeController#index as HTML
  Rendered /Users/blaircarroll/.rvm/gems/ruby-2.5.3/gems/railties-4.2.11/lib/rails/templates/rails/welcome/index.html.erb (1.6ms)
Completed 200 OK in 19ms (Views: 13.2ms | ActiveRecord: 0.0ms)


Started GET "/hello_world" for ::1 at 2019-01-12 21:46:55 -0500

ActionController::RoutingError (uninitialized constant HelloWorldController):
  activesupport (4.2.11) lib/active_support/inflector/methods.rb:261:in `const_get'
  activesupport (4.2.11) lib/active_support/inflector/methods.rb:261:in `block in constantize'
  activesupport (4.2.11) lib/active_support/inflector/methods.rb:259:in `each'
  activesupport (4.2.11) lib/active_support/inflector/methods.rb:259:in `inject'
  activesupport (4.2.11) lib/active_support/inflector/methods.rb:259:in `constantize'
  actionpack (4.2.11) lib/action_dispatch/routing/route_set.rb:70:in `controller_reference'
  actionpack (4.2.11) lib/action_dispatch/routing/route_set.rb:60:in `controller'
  actionpack (4.2.11) lib/action_dispatch/routing/route_set.rb:39:in `serve'
  actionpack (4.2.11) lib/action_dispatch/journey/router.rb:43:in `block in serve'
  actionpack (4.2.11) lib/action_dispatch/journey/router.rb:30:in `each'
  actionpack (4.2.11) lib/action_dispatch/journey/router.rb:30:in `serve'
  actionpack (4.2.11) lib/action_dispatch/routing/route_set.rb:817:in `call'
  rack (1.6.11) lib/rack/etag.rb:24:in `call'
  rack (1.6.11) lib/rack/conditionalget.rb:25:in `call'
  rack (1.6.11) lib/rack/head.rb:13:in `call'
  actionpack (4.2.11) lib/action_dispatch/middleware/params_parser.rb:27:in `call'
  actionpack (4.2.11) lib/action_dispatch/middleware/flash.rb:260:in `call'
  rack (1.6.11) lib/rack/session/abstract/id.rb:225:in `context'
  rack (1.6.11) lib/rack/session/abstract/id.rb:220:in `call'
  actionpack (4.2.11) lib/action_dispatch/middleware/cookies.rb:560:in `call'
  activerecord (4.2.11) lib/active_record/query_cache.rb:36:in `call'
  activerecord (4.2.11) lib/active_record/connection_adapters/abstract/connection_pool.rb:653:in `call'
  activerecord (4.2.11) lib/active_record/migration.rb:377:in `call'
  actionpack (4.2.11) lib/action_dispatch/middleware/callbacks.rb:29:in `block in call'
  activesupport (4.2.11) lib/active_support/callbacks.rb:88:in `__run_callbacks__'
  activesupport (4.2.11) lib/active_support/callbacks.rb:778:in `_run_call_callbacks'
  activesupport (4.2.11) lib/active_support/callbacks.rb:81:in `run_callbacks'
  actionpack (4.2.11) lib/action_dispatch/middleware/callbacks.rb:27:in `call'
  actionpack (4.2.11) lib/action_dispatch/middleware/reloader.rb:73:in `call'
  actionpack (4.2.11) lib/action_dispatch/middleware/remote_ip.rb:78:in `call'
  actionpack (4.2.11) lib/action_dispatch/middleware/debug_exceptions.rb:17:in `call'
  actionpack (4.2.11) lib/action_dispatch/middleware/show_exceptions.rb:30:in `call'
  railties (4.2.11) lib/rails/rack/logger.rb:38:in `call_app'
  railties (4.2.11) lib/rails/rack/logger.rb:20:in `block in call'
  activesupport (4.2.11) lib/active_support/tagged_logging.rb:68:in `block in tagged'
  activesupport (4.2.11) lib/active_support/tagged_logging.rb:26:in `tagged'
  activesupport (4.2.11) lib/active_support/tagged_logging.rb:68:in `tagged'
  railties (4.2.11) lib/rails/rack/logger.rb:20:in `call'
  actionpack (4.2.11) lib/action_dispatch/middleware/request_id.rb:21:in `call'
  rack (1.6.11) lib/rack/methodoverride.rb:22:in `call'
  rack (1.6.11) lib/rack/runtime.rb:18:in `call'
  activesupport (4.2.11) lib/active_support/cache/strategy/local_cache_middleware.rb:28:in `call'
  rack (1.6.11) lib/rack/lock.rb:17:in `call'
  actionpack (4.2.11) lib/action_dispatch/middleware/static.rb:120:in `call'
  rack (1.6.11) lib/rack/sendfile.rb:113:in `call'
  railties (4.2.11) lib/rails/engine.rb:518:in `call'
  railties (4.2.11) lib/rails/application.rb:165:in `call'
  rack (1.6.11) lib/rack/lock.rb:17:in `call'
  rack (1.6.11) lib/rack/content_length.rb:15:in `call'
  rack (1.6.11) lib/rack/handler/webrick.rb:88:in `service'
  /Users/blaircarroll/.rvm/rubies/ruby-2.5.3/lib/ruby/2.5.0/webrick/httpserver.rb:140:in `service'
  /Users/blaircarroll/.rvm/rubies/ruby-2.5.3/lib/ruby/2.5.0/webrick/httpserver.rb:96:in `run'
  /Users/blaircarroll/.rvm/rubies/ruby-2.5.3/lib/ruby/2.5.0/webrick/server.rb:307:in `block in start_thread'


  Rendered /Users/blaircarroll/.rvm/gems/ruby-2.5.3/gems/actionpack-4.2.11/lib/action_dispatch/middleware/templates/rescues/_trace.html.erb (1.8ms)
  Rendered /Users/blaircarroll/.rvm/gems/ruby-2.5.3/gems/actionpack-4.2.11/lib/action_dispatch/middleware/templates/routes/_route.html.erb (0.7ms)
  Rendered /Users/blaircarroll/.rvm/gems/ruby-2.5.3/gems/actionpack-4.2.11/lib/action_dispatch/middleware/templates/routes/_table.html.erb (9.5ms)
  Rendered /Users/blaircarroll/.rvm/gems/ruby-2.5.3/gems/actionpack-4.2.11/lib/action_dispatch/middleware/templates/rescues/_request_and_response.html.erb (1.5ms)
  Rendered /Users/blaircarroll/.rvm/gems/ruby-2.5.3/gems/actionpack-4.2.11/lib/action_dispatch/middleware/templates/rescues/routing_error.html.erb within rescues/layout (134.9ms)


Started GET "/" for ::1 at 2019-01-12 22:31:04 -0500

ActionController::RoutingError (uninitialized constant WelcomeController):
  activesupport (4.2.11) lib/active_support/inflector/methods.rb:261:in `const_get'
  activesupport (4.2.11) lib/active_support/inflector/methods.rb:261:in `block in constantize'
  activesupport (4.2.11) lib/active_support/inflector/methods.rb:259:in `each'
  activesupport (4.2.11) lib/active_support/inflector/methods.rb:259:in `inject'
  activesupport (4.2.11) lib/active_support/inflector/methods.rb:259:in `constantize'
  actionpack (4.2.11) lib/action_dispatch/routing/route_set.rb:70:in `controller_reference'
  actionpack (4.2.11) lib/action_dispatch/routing/route_set.rb:60:in `controller'
  actionpack (4.2.11) lib/action_dispatch/routing/route_set.rb:39:in `serve'
  actionpack (4.2.11) lib/action_dispatch/journey/router.rb:43:in `block in serve'
  actionpack (4.2.11) lib/action_dispatch/journey/router.rb:30:in `each'
  actionpack (4.2.11) lib/action_dispatch/journey/router.rb:30:in `serve'
  actionpack (4.2.11) lib/action_dispatch/routing/route_set.rb:817:in `call'
  rack (1.6.11) lib/rack/etag.rb:24:in `call'
  rack (1.6.11) lib/rack/conditionalget.rb:25:in `call'
  rack (1.6.11) lib/rack/head.rb:13:in `call'
  actionpack (4.2.11) lib/action_dispatch/middleware/params_parser.rb:27:in `call'
  actionpack (4.2.11) lib/action_dispatch/middleware/flash.rb:260:in `call'
  rack (1.6.11) lib/rack/session/abstract/id.rb:225:in `context'
  rack (1.6.11) lib/rack/session/abstract/id.rb:220:in `call'
  actionpack (4.2.11) lib/action_dispatch/middleware/cookies.rb:560:in `call'
  activerecord (4.2.11) lib/active_record/query_cache.rb:36:in `call'
  activerecord (4.2.11) lib/active_record/connection_adapters/abstract/connection_pool.rb:653:in `call'
  activerecord (4.2.11) lib/active_record/migration.rb:377:in `call'
  actionpack (4.2.11) lib/action_dispatch/middleware/callbacks.rb:29:in `block in call'
  activesupport (4.2.11) lib/active_support/callbacks.rb:88:in `__run_callbacks__'
  activesupport (4.2.11) lib/active_support/callbacks.rb:778:in `_run_call_callbacks'
  activesupport (4.2.11) lib/active_support/callbacks.rb:81:in `run_callbacks'
  actionpack (4.2.11) lib/action_dispatch/middleware/callbacks.rb:27:in `call'
  actionpack (4.2.11) lib/action_dispatch/middleware/reloader.rb:73:in `call'
  actionpack (4.2.11) lib/action_dispatch/middleware/remote_ip.rb:78:in `call'
  actionpack (4.2.11) lib/action_dispatch/middleware/debug_exceptions.rb:17:in `call'
  actionpack (4.2.11) lib/action_dispatch/middleware/show_exceptions.rb:30:in `call'
  railties (4.2.11) lib/rails/rack/logger.rb:38:in `call_app'
  railties (4.2.11) lib/rails/rack/logger.rb:20:in `block in call'
  activesupport (4.2.11) lib/active_support/tagged_logging.rb:68:in `block in tagged'
  activesupport (4.2.11) lib/active_support/tagged_logging.rb:26:in `tagged'
  activesupport (4.2.11) lib/active_support/tagged_logging.rb:68:in `tagged'
  railties (4.2.11) lib/rails/rack/logger.rb:20:in `call'
  actionpack (4.2.11) lib/action_dispatch/middleware/request_id.rb:21:in `call'
  rack (1.6.11) lib/rack/methodoverride.rb:22:in `call'
  rack (1.6.11) lib/rack/runtime.rb:18:in `call'
  activesupport (4.2.11) lib/active_support/cache/strategy/local_cache_middleware.rb:28:in `call'
  rack (1.6.11) lib/rack/lock.rb:17:in `call'
  actionpack (4.2.11) lib/action_dispatch/middleware/static.rb:120:in `call'
  rack (1.6.11) lib/rack/sendfile.rb:113:in `call'
  railties (4.2.11) lib/rails/engine.rb:518:in `call'
  railties (4.2.11) lib/rails/application.rb:165:in `call'
  rack (1.6.11) lib/rack/lock.rb:17:in `call'
  rack (1.6.11) lib/rack/content_length.rb:15:in `call'
  rack (1.6.11) lib/rack/handler/webrick.rb:88:in `service'
  /Users/blaircarroll/.rvm/rubies/ruby-2.5.3/lib/ruby/2.5.0/webrick/httpserver.rb:140:in `service'
  /Users/blaircarroll/.rvm/rubies/ruby-2.5.3/lib/ruby/2.5.0/webrick/httpserver.rb:96:in `run'
  /Users/blaircarroll/.rvm/rubies/ruby-2.5.3/lib/ruby/2.5.0/webrick/server.rb:307:in `block in start_thread'


  Rendered /Users/blaircarroll/.rvm/gems/ruby-2.5.3/gems/actionpack-4.2.11/lib/action_dispatch/middleware/templates/rescues/_trace.html.erb (1.8ms)
  Rendered /Users/blaircarroll/.rvm/gems/ruby-2.5.3/gems/actionpack-4.2.11/lib/action_dispatch/middleware/templates/routes/_route.html.erb (0.9ms)
  Rendered /Users/blaircarroll/.rvm/gems/ruby-2.5.3/gems/actionpack-4.2.11/lib/action_dispatch/middleware/templates/routes/_table.html.erb (10.1ms)
  Rendered /Users/blaircarroll/.rvm/gems/ruby-2.5.3/gems/actionpack-4.2.11/lib/action_dispatch/middleware/templates/rescues/_request_and_response.html.erb (7.0ms)
  Rendered /Users/blaircarroll/.rvm/gems/ruby-2.5.3/gems/actionpack-4.2.11/lib/action_dispatch/middleware/templates/rescues/routing_error.html.erb within rescues/layout (138.1ms)


Started GET "/" for ::1 at 2019-01-12 22:31:09 -0500

ActionController::RoutingError (uninitialized constant WelcomeController):
  activesupport (4.2.11) lib/active_support/inflector/methods.rb:261:in `const_get'
  activesupport (4.2.11) lib/active_support/inflector/methods.rb:261:in `block in constantize'
  activesupport (4.2.11) lib/active_support/inflector/methods.rb:259:in `each'
  activesupport (4.2.11) lib/active_support/inflector/methods.rb:259:in `inject'
  activesupport (4.2.11) lib/active_support/inflector/methods.rb:259:in `constantize'
  actionpack (4.2.11) lib/action_dispatch/routing/route_set.rb:70:in `controller_reference'
  actionpack (4.2.11) lib/action_dispatch/routing/route_set.rb:60:in `controller'
  actionpack (4.2.11) lib/action_dispatch/routing/route_set.rb:39:in `serve'
  actionpack (4.2.11) lib/action_dispatch/journey/router.rb:43:in `block in serve'
  actionpack (4.2.11) lib/action_dispatch/journey/router.rb:30:in `each'
  actionpack (4.2.11) lib/action_dispatch/journey/router.rb:30:in `serve'
  actionpack (4.2.11) lib/action_dispatch/routing/route_set.rb:817:in `call'
  rack (1.6.11) lib/rack/etag.rb:24:in `call'
  rack (1.6.11) lib/rack/conditionalget.rb:25:in `call'
  rack (1.6.11) lib/rack/head.rb:13:in `call'
  actionpack (4.2.11) lib/action_dispatch/middleware/params_parser.rb:27:in `call'
  actionpack (4.2.11) lib/action_dispatch/middleware/flash.rb:260:in `call'
  rack (1.6.11) lib/rack/session/abstract/id.rb:225:in `context'
  rack (1.6.11) lib/rack/session/abstract/id.rb:220:in `call'
  actionpack (4.2.11) lib/action_dispatch/middleware/cookies.rb:560:in `call'
  activerecord (4.2.11) lib/active_record/query_cache.rb:36:in `call'
  activerecord (4.2.11) lib/active_record/connection_adapters/abstract/connection_pool.rb:653:in `call'
  activerecord (4.2.11) lib/active_record/migration.rb:377:in `call'
  actionpack (4.2.11) lib/action_dispatch/middleware/callbacks.rb:29:in `block in call'
  activesupport (4.2.11) lib/active_support/callbacks.rb:88:in `__run_callbacks__'
  activesupport (4.2.11) lib/active_support/callbacks.rb:778:in `_run_call_callbacks'
  activesupport (4.2.11) lib/active_support/callbacks.rb:81:in `run_callbacks'
  actionpack (4.2.11) lib/action_dispatch/middleware/callbacks.rb:27:in `call'
  actionpack (4.2.11) lib/action_dispatch/middleware/reloader.rb:73:in `call'
  actionpack (4.2.11) lib/action_dispatch/middleware/remote_ip.rb:78:in `call'
  actionpack (4.2.11) lib/action_dispatch/middleware/debug_exceptions.rb:17:in `call'
  actionpack (4.2.11) lib/action_dispatch/middleware/show_exceptions.rb:30:in `call'
  railties (4.2.11) lib/rails/rack/logger.rb:38:in `call_app'
  railties (4.2.11) lib/rails/rack/logger.rb:20:in `block in call'
  activesupport (4.2.11) lib/active_support/tagged_logging.rb:68:in `block in tagged'
  activesupport (4.2.11) lib/active_support/tagged_logging.rb:26:in `tagged'
  activesupport (4.2.11) lib/active_support/tagged_logging.rb:68:in `tagged'
  railties (4.2.11) lib/rails/rack/logger.rb:20:in `call'
  actionpack (4.2.11) lib/action_dispatch/middleware/request_id.rb:21:in `call'
  rack (1.6.11) lib/rack/methodoverride.rb:22:in `call'
  rack (1.6.11) lib/rack/runtime.rb:18:in `call'
  activesupport (4.2.11) lib/active_support/cache/strategy/local_cache_middleware.rb:28:in `call'
  rack (1.6.11) lib/rack/lock.rb:17:in `call'
  actionpack (4.2.11) lib/action_dispatch/middleware/static.rb:120:in `call'
  rack (1.6.11) lib/rack/sendfile.rb:113:in `call'
  railties (4.2.11) lib/rails/engine.rb:518:in `call'
  railties (4.2.11) lib/rails/application.rb:165:in `call'
  rack (1.6.11) lib/rack/lock.rb:17:in `call'
  rack (1.6.11) lib/rack/content_length.rb:15:in `call'
  rack (1.6.11) lib/rack/handler/webrick.rb:88:in `service'
  /Users/blaircarroll/.rvm/rubies/ruby-2.5.3/lib/ruby/2.5.0/webrick/httpserver.rb:140:in `service'
  /Users/blaircarroll/.rvm/rubies/ruby-2.5.3/lib/ruby/2.5.0/webrick/httpserver.rb:96:in `run'
  /Users/blaircarroll/.rvm/rubies/ruby-2.5.3/lib/ruby/2.5.0/webrick/server.rb:307:in `block in start_thread'


  Rendered /Users/blaircarroll/.rvm/gems/ruby-2.5.3/gems/actionpack-4.2.11/lib/action_dispatch/middleware/templates/rescues/_trace.html.erb (1.6ms)
  Rendered /Users/blaircarroll/.rvm/gems/ruby-2.5.3/gems/actionpack-4.2.11/lib/action_dispatch/middleware/templates/routes/_route.html.erb (0.7ms)
  Rendered /Users/blaircarroll/.rvm/gems/ruby-2.5.3/gems/actionpack-4.2.11/lib/action_dispatch/middleware/templates/routes/_table.html.erb (1.0ms)
  Rendered /Users/blaircarroll/.rvm/gems/ruby-2.5.3/gems/actionpack-4.2.11/lib/action_dispatch/middleware/templates/rescues/_request_and_response.html.erb (0.9ms)
  Rendered /Users/blaircarroll/.rvm/gems/ruby-2.5.3/gems/actionpack-4.2.11/lib/action_dispatch/middleware/templates/rescues/routing_error.html.erb within rescues/layout (107.4ms)


Started GET "/index" for ::1 at 2019-01-12 22:31:13 -0500

ActionController::RoutingError (No route matches [GET] "/index"):
  actionpack (4.2.11) lib/action_dispatch/middleware/debug_exceptions.rb:21:in `call'
  actionpack (4.2.11) lib/action_dispatch/middleware/show_exceptions.rb:30:in `call'
  railties (4.2.11) lib/rails/rack/logger.rb:38:in `call_app'
  railties (4.2.11) lib/rails/rack/logger.rb:20:in `block in call'
  activesupport (4.2.11) lib/active_support/tagged_logging.rb:68:in `block in tagged'
  activesupport (4.2.11) lib/active_support/tagged_logging.rb:26:in `tagged'
  activesupport (4.2.11) lib/active_support/tagged_logging.rb:68:in `tagged'
  railties (4.2.11) lib/rails/rack/logger.rb:20:in `call'
  actionpack (4.2.11) lib/action_dispatch/middleware/request_id.rb:21:in `call'
  rack (1.6.11) lib/rack/methodoverride.rb:22:in `call'
  rack (1.6.11) lib/rack/runtime.rb:18:in `call'
  activesupport (4.2.11) lib/active_support/cache/strategy/local_cache_middleware.rb:28:in `call'
  rack (1.6.11) lib/rack/lock.rb:17:in `call'
  actionpack (4.2.11) lib/action_dispatch/middleware/static.rb:120:in `call'
  rack (1.6.11) lib/rack/sendfile.rb:113:in `call'
  railties (4.2.11) lib/rails/engine.rb:518:in `call'
  railties (4.2.11) lib/rails/application.rb:165:in `call'
  rack (1.6.11) lib/rack/lock.rb:17:in `call'
  rack (1.6.11) lib/rack/content_length.rb:15:in `call'
  rack (1.6.11) lib/rack/handler/webrick.rb:88:in `service'
  /Users/blaircarroll/.rvm/rubies/ruby-2.5.3/lib/ruby/2.5.0/webrick/httpserver.rb:140:in `service'
  /Users/blaircarroll/.rvm/rubies/ruby-2.5.3/lib/ruby/2.5.0/webrick/httpserver.rb:96:in `run'
  /Users/blaircarroll/.rvm/rubies/ruby-2.5.3/lib/ruby/2.5.0/webrick/server.rb:307:in `block in start_thread'


  Rendered /Users/blaircarroll/.rvm/gems/ruby-2.5.3/gems/actionpack-4.2.11/lib/action_dispatch/middleware/templates/rescues/_trace.html.erb (1.1ms)
  Rendered /Users/blaircarroll/.rvm/gems/ruby-2.5.3/gems/actionpack-4.2.11/lib/action_dispatch/middleware/templates/routes/_route.html.erb (0.6ms)
  Rendered /Users/blaircarroll/.rvm/gems/ruby-2.5.3/gems/actionpack-4.2.11/lib/action_dispatch/middleware/templates/routes/_table.html.erb (1.0ms)
  Rendered /Users/blaircarroll/.rvm/gems/ruby-2.5.3/gems/actionpack-4.2.11/lib/action_dispatch/middleware/templates/rescues/_request_and_response.html.erb (0.9ms)
  Rendered /Users/blaircarroll/.rvm/gems/ruby-2.5.3/gems/actionpack-4.2.11/lib/action_dispatch/middleware/templates/rescues/routing_error.html.erb within rescues/layout (106.2ms)


Started GET "/hello_world/index" for ::1 at 2019-01-12 22:31:26 -0500

ActionController::RoutingError (uninitialized constant HelloWorldController):
  activesupport (4.2.11) lib/active_support/inflector/methods.rb:261:in `const_get'
  activesupport (4.2.11) lib/active_support/inflector/methods.rb:261:in `block in constantize'
  activesupport (4.2.11) lib/active_support/inflector/methods.rb:259:in `each'
  activesupport (4.2.11) lib/active_support/inflector/methods.rb:259:in `inject'
  activesupport (4.2.11) lib/active_support/inflector/methods.rb:259:in `constantize'
  actionpack (4.2.11) lib/action_dispatch/routing/route_set.rb:70:in `controller_reference'
  actionpack (4.2.11) lib/action_dispatch/routing/route_set.rb:60:in `controller'
  actionpack (4.2.11) lib/action_dispatch/routing/route_set.rb:39:in `serve'
  actionpack (4.2.11) lib/action_dispatch/journey/router.rb:43:in `block in serve'
  actionpack (4.2.11) lib/action_dispatch/journey/router.rb:30:in `each'
  actionpack (4.2.11) lib/action_dispatch/journey/router.rb:30:in `serve'
  actionpack (4.2.11) lib/action_dispatch/routing/route_set.rb:817:in `call'
  rack (1.6.11) lib/rack/etag.rb:24:in `call'
  rack (1.6.11) lib/rack/conditionalget.rb:25:in `call'
  rack (1.6.11) lib/rack/head.rb:13:in `call'
  actionpack (4.2.11) lib/action_dispatch/middleware/params_parser.rb:27:in `call'
  actionpack (4.2.11) lib/action_dispatch/middleware/flash.rb:260:in `call'
  rack (1.6.11) lib/rack/session/abstract/id.rb:225:in `context'
  rack (1.6.11) lib/rack/session/abstract/id.rb:220:in `call'
  actionpack (4.2.11) lib/action_dispatch/middleware/cookies.rb:560:in `call'
  activerecord (4.2.11) lib/active_record/query_cache.rb:36:in `call'
  activerecord (4.2.11) lib/active_record/connection_adapters/abstract/connection_pool.rb:653:in `call'
  activerecord (4.2.11) lib/active_record/migration.rb:377:in `call'
  actionpack (4.2.11) lib/action_dispatch/middleware/callbacks.rb:29:in `block in call'
  activesupport (4.2.11) lib/active_support/callbacks.rb:88:in `__run_callbacks__'
  activesupport (4.2.11) lib/active_support/callbacks.rb:778:in `_run_call_callbacks'
  activesupport (4.2.11) lib/active_support/callbacks.rb:81:in `run_callbacks'
  actionpack (4.2.11) lib/action_dispatch/middleware/callbacks.rb:27:in `call'
  actionpack (4.2.11) lib/action_dispatch/middleware/reloader.rb:73:in `call'
  actionpack (4.2.11) lib/action_dispatch/middleware/remote_ip.rb:78:in `call'
  actionpack (4.2.11) lib/action_dispatch/middleware/debug_exceptions.rb:17:in `call'
  actionpack (4.2.11) lib/action_dispatch/middleware/show_exceptions.rb:30:in `call'
  railties (4.2.11) lib/rails/rack/logger.rb:38:in `call_app'
  railties (4.2.11) lib/rails/rack/logger.rb:20:in `block in call'
  activesupport (4.2.11) lib/active_support/tagged_logging.rb:68:in `block in tagged'
  activesupport (4.2.11) lib/active_support/tagged_logging.rb:26:in `tagged'
  activesupport (4.2.11) lib/active_support/tagged_logging.rb:68:in `tagged'
  railties (4.2.11) lib/rails/rack/logger.rb:20:in `call'
  actionpack (4.2.11) lib/action_dispatch/middleware/request_id.rb:21:in `call'
  rack (1.6.11) lib/rack/methodoverride.rb:22:in `call'
  rack (1.6.11) lib/rack/runtime.rb:18:in `call'
  activesupport (4.2.11) lib/active_support/cache/strategy/local_cache_middleware.rb:28:in `call'
  rack (1.6.11) lib/rack/lock.rb:17:in `call'
  actionpack (4.2.11) lib/action_dispatch/middleware/static.rb:120:in `call'
  rack (1.6.11) lib/rack/sendfile.rb:113:in `call'
  railties (4.2.11) lib/rails/engine.rb:518:in `call'
  railties (4.2.11) lib/rails/application.rb:165:in `call'
  rack (1.6.11) lib/rack/lock.rb:17:in `call'
  rack (1.6.11) lib/rack/content_length.rb:15:in `call'
  rack (1.6.11) lib/rack/handler/webrick.rb:88:in `service'
  /Users/blaircarroll/.rvm/rubies/ruby-2.5.3/lib/ruby/2.5.0/webrick/httpserver.rb:140:in `service'
  /Users/blaircarroll/.rvm/rubies/ruby-2.5.3/lib/ruby/2.5.0/webrick/httpserver.rb:96:in `run'
  /Users/blaircarroll/.rvm/rubies/ruby-2.5.3/lib/ruby/2.5.0/webrick/server.rb:307:in `block in start_thread'


  Rendered /Users/blaircarroll/.rvm/gems/ruby-2.5.3/gems/actionpack-4.2.11/lib/action_dispatch/middleware/templates/rescues/_trace.html.erb (1.9ms)
  Rendered /Users/blaircarroll/.rvm/gems/ruby-2.5.3/gems/actionpack-4.2.11/lib/action_dispatch/middleware/templates/routes/_route.html.erb (0.7ms)
  Rendered /Users/blaircarroll/.rvm/gems/ruby-2.5.3/gems/actionpack-4.2.11/lib/action_dispatch/middleware/templates/routes/_table.html.erb (0.9ms)
  Rendered /Users/blaircarroll/.rvm/gems/ruby-2.5.3/gems/actionpack-4.2.11/lib/action_dispatch/middleware/templates/rescues/_request_and_response.html.erb (0.9ms)
  Rendered /Users/blaircarroll/.rvm/gems/ruby-2.5.3/gems/actionpack-4.2.11/lib/action_dispatch/middleware/templates/rescues/routing_error.html.erb within rescues/layout (108.5ms)


Started GET "/hello_world/index" for ::1 at 2019-01-12 22:37:40 -0500

ActionController::RoutingError (No route matches [GET] "/hello_world/index"):
  actionpack (4.2.11) lib/action_dispatch/middleware/debug_exceptions.rb:21:in `call'
  actionpack (4.2.11) lib/action_dispatch/middleware/show_exceptions.rb:30:in `call'
  railties (4.2.11) lib/rails/rack/logger.rb:38:in `call_app'
  railties (4.2.11) lib/rails/rack/logger.rb:20:in `block in call'
  activesupport (4.2.11) lib/active_support/tagged_logging.rb:68:in `block in tagged'
  activesupport (4.2.11) lib/active_support/tagged_logging.rb:26:in `tagged'
  activesupport (4.2.11) lib/active_support/tagged_logging.rb:68:in `tagged'
  railties (4.2.11) lib/rails/rack/logger.rb:20:in `call'
  actionpack (4.2.11) lib/action_dispatch/middleware/request_id.rb:21:in `call'
  rack (1.6.11) lib/rack/methodoverride.rb:22:in `call'
  rack (1.6.11) lib/rack/runtime.rb:18:in `call'
  activesupport (4.2.11) lib/active_support/cache/strategy/local_cache_middleware.rb:28:in `call'
  rack (1.6.11) lib/rack/lock.rb:17:in `call'
  actionpack (4.2.11) lib/action_dispatch/middleware/static.rb:120:in `call'
  rack (1.6.11) lib/rack/sendfile.rb:113:in `call'
  railties (4.2.11) lib/rails/engine.rb:518:in `call'
  railties (4.2.11) lib/rails/application.rb:165:in `call'
  rack (1.6.11) lib/rack/lock.rb:17:in `call'
  rack (1.6.11) lib/rack/content_length.rb:15:in `call'
  rack (1.6.11) lib/rack/handler/webrick.rb:88:in `service'
  /Users/blaircarroll/.rvm/rubies/ruby-2.5.3/lib/ruby/2.5.0/webrick/httpserver.rb:140:in `service'
  /Users/blaircarroll/.rvm/rubies/ruby-2.5.3/lib/ruby/2.5.0/webrick/httpserver.rb:96:in `run'
  /Users/blaircarroll/.rvm/rubies/ruby-2.5.3/lib/ruby/2.5.0/webrick/server.rb:307:in `block in start_thread'


  Rendered /Users/blaircarroll/.rvm/gems/ruby-2.5.3/gems/actionpack-4.2.11/lib/action_dispatch/middleware/templates/rescues/_trace.html.erb (1.2ms)
  Rendered /Users/blaircarroll/.rvm/gems/ruby-2.5.3/gems/actionpack-4.2.11/lib/action_dispatch/middleware/templates/routes/_route.html.erb (0.6ms)
  Rendered /Users/blaircarroll/.rvm/gems/ruby-2.5.3/gems/actionpack-4.2.11/lib/action_dispatch/middleware/templates/routes/_table.html.erb (6.3ms)
  Rendered /Users/blaircarroll/.rvm/gems/ruby-2.5.3/gems/actionpack-4.2.11/lib/action_dispatch/middleware/templates/rescues/_request_and_response.html.erb (6.6ms)
  Rendered /Users/blaircarroll/.rvm/gems/ruby-2.5.3/gems/actionpack-4.2.11/lib/action_dispatch/middleware/templates/rescues/routing_error.html.erb within rescues/layout (130.8ms)


Started GET "/index" for ::1 at 2019-01-12 22:37:46 -0500
Processing by ApplicationController#index as HTML
Completed 500 Internal Server Error in 7ms (ActiveRecord: 0.0ms)

ActionView::MissingTemplate (Missing template application/index with {:locale=>[:en], :formats=>[:html], :variants=>[], :handlers=>[:erb, :builder, :raw, :ruby, :coffee, :jbuilder]}. Searched in:
  * "/Users/blaircarroll/Labs/mod2/rails-hello-world-lab-atlanta-web-career-121018/app/views"
):
  actionview (4.2.11) lib/action_view/path_set.rb:46:in `find'
  actionview (4.2.11) lib/action_view/lookup_context.rb:121:in `find'
  actionview (4.2.11) lib/action_view/renderer/abstract_renderer.rb:18:in `find_template'
  actionview (4.2.11) lib/action_view/renderer/template_renderer.rb:40:in `determine_template'
  actionview (4.2.11) lib/action_view/renderer/template_renderer.rb:8:in `render'
  actionview (4.2.11) lib/action_view/renderer/renderer.rb:46:in `render_template'
  actionview (4.2.11) lib/action_view/renderer/renderer.rb:27:in `render'
  actionview (4.2.11) lib/action_view/rendering.rb:100:in `_render_template'
  actionpack (4.2.11) lib/action_controller/metal/streaming.rb:217:in `_render_template'
  actionview (4.2.11) lib/action_view/rendering.rb:83:in `render_to_body'
  actionpack (4.2.11) lib/action_controller/metal/rendering.rb:32:in `render_to_body'
  actionpack (4.2.11) lib/action_controller/metal/renderers.rb:37:in `render_to_body'
  actionpack (4.2.11) lib/abstract_controller/rendering.rb:25:in `render'
  actionpack (4.2.11) lib/action_controller/metal/rendering.rb:16:in `render'
  actionpack (4.2.11) lib/action_controller/metal/instrumentation.rb:44:in `block (2 levels) in render'
  activesupport (4.2.11) lib/active_support/core_ext/benchmark.rb:12:in `block in ms'
  /Users/blaircarroll/.rvm/rubies/ruby-2.5.3/lib/ruby/2.5.0/benchmark.rb:308:in `realtime'
  activesupport (4.2.11) lib/active_support/core_ext/benchmark.rb:12:in `ms'
  actionpack (4.2.11) lib/action_controller/metal/instrumentation.rb:44:in `block in render'
  actionpack (4.2.11) lib/action_controller/metal/instrumentation.rb:87:in `cleanup_view_runtime'
  activerecord (4.2.11) lib/active_record/railties/controller_runtime.rb:25:in `cleanup_view_runtime'
  actionpack (4.2.11) lib/action_controller/metal/instrumentation.rb:43:in `render'
  actionpack (4.2.11) lib/action_controller/metal/implicit_render.rb:10:in `default_render'
  actionpack (4.2.11) lib/action_controller/metal/implicit_render.rb:5:in `send_action'
  actionpack (4.2.11) lib/abstract_controller/base.rb:198:in `process_action'
  actionpack (4.2.11) lib/action_controller/metal/rendering.rb:10:in `process_action'
  actionpack (4.2.11) lib/abstract_controller/callbacks.rb:20:in `block in process_action'
  activesupport (4.2.11) lib/active_support/callbacks.rb:117:in `call'
  activesupport (4.2.11) lib/active_support/callbacks.rb:555:in `block (2 levels) in compile'
  activesupport (4.2.11) lib/active_support/callbacks.rb:505:in `call'
  activesupport (4.2.11) lib/active_support/callbacks.rb:92:in `__run_callbacks__'
  activesupport (4.2.11) lib/active_support/callbacks.rb:778:in `_run_process_action_callbacks'
  activesupport (4.2.11) lib/active_support/callbacks.rb:81:in `run_callbacks'
  actionpack (4.2.11) lib/abstract_controller/callbacks.rb:19:in `process_action'
  actionpack (4.2.11) lib/action_controller/metal/rescue.rb:29:in `process_action'
  actionpack (4.2.11) lib/action_controller/metal/instrumentation.rb:32:in `block in process_action'
  activesupport (4.2.11) lib/active_support/notifications.rb:164:in `block in instrument'
  activesupport (4.2.11) lib/active_support/notifications/instrumenter.rb:20:in `instrument'
  activesupport (4.2.11) lib/active_support/notifications.rb:164:in `instrument'
  actionpack (4.2.11) lib/action_controller/metal/instrumentation.rb:30:in `process_action'
  actionpack (4.2.11) lib/action_controller/metal/params_wrapper.rb:250:in `process_action'
  activerecord (4.2.11) lib/active_record/railties/controller_runtime.rb:18:in `process_action'
  actionpack (4.2.11) lib/abstract_controller/base.rb:137:in `process'
  actionview (4.2.11) lib/action_view/rendering.rb:30:in `process'
  actionpack (4.2.11) lib/action_controller/metal.rb:196:in `dispatch'
  actionpack (4.2.11) lib/action_controller/metal/rack_delegation.rb:13:in `dispatch'
  actionpack (4.2.11) lib/action_controller/metal.rb:237:in `block in action'
  actionpack (4.2.11) lib/action_dispatch/routing/route_set.rb:74:in `dispatch'
  actionpack (4.2.11) lib/action_dispatch/routing/route_set.rb:43:in `serve'
  actionpack (4.2.11) lib/action_dispatch/journey/router.rb:43:in `block in serve'
  actionpack (4.2.11) lib/action_dispatch/journey/router.rb:30:in `each'
  actionpack (4.2.11) lib/action_dispatch/journey/router.rb:30:in `serve'
  actionpack (4.2.11) lib/action_dispatch/routing/route_set.rb:817:in `call'
  rack (1.6.11) lib/rack/etag.rb:24:in `call'
  rack (1.6.11) lib/rack/conditionalget.rb:25:in `call'
  rack (1.6.11) lib/rack/head.rb:13:in `call'
  actionpack (4.2.11) lib/action_dispatch/middleware/params_parser.rb:27:in `call'
  actionpack (4.2.11) lib/action_dispatch/middleware/flash.rb:260:in `call'
  rack (1.6.11) lib/rack/session/abstract/id.rb:225:in `context'
  rack (1.6.11) lib/rack/session/abstract/id.rb:220:in `call'
  actionpack (4.2.11) lib/action_dispatch/middleware/cookies.rb:560:in `call'
  activerecord (4.2.11) lib/active_record/query_cache.rb:36:in `call'
  activerecord (4.2.11) lib/active_record/connection_adapters/abstract/connection_pool.rb:653:in `call'
  activerecord (4.2.11) lib/active_record/migration.rb:377:in `call'
  actionpack (4.2.11) lib/action_dispatch/middleware/callbacks.rb:29:in `block in call'
  activesupport (4.2.11) lib/active_support/callbacks.rb:88:in `__run_callbacks__'
  activesupport (4.2.11) lib/active_support/callbacks.rb:778:in `_run_call_callbacks'
  activesupport (4.2.11) lib/active_support/callbacks.rb:81:in `run_callbacks'
  actionpack (4.2.11) lib/action_dispatch/middleware/callbacks.rb:27:in `call'
  actionpack (4.2.11) lib/action_dispatch/middleware/reloader.rb:73:in `call'
  actionpack (4.2.11) lib/action_dispatch/middleware/remote_ip.rb:78:in `call'
  actionpack (4.2.11) lib/action_dispatch/middleware/debug_exceptions.rb:17:in `call'
  actionpack (4.2.11) lib/action_dispatch/middleware/show_exceptions.rb:30:in `call'
  railties (4.2.11) lib/rails/rack/logger.rb:38:in `call_app'
  railties (4.2.11) lib/rails/rack/logger.rb:20:in `block in call'
  activesupport (4.2.11) lib/active_support/tagged_logging.rb:68:in `block in tagged'
  activesupport (4.2.11) lib/active_support/tagged_logging.rb:26:in `tagged'
  activesupport (4.2.11) lib/active_support/tagged_logging.rb:68:in `tagged'
  railties (4.2.11) lib/rails/rack/logger.rb:20:in `call'
  actionpack (4.2.11) lib/action_dispatch/middleware/request_id.rb:21:in `call'
  rack (1.6.11) lib/rack/methodoverride.rb:22:in `call'
  rack (1.6.11) lib/rack/runtime.rb:18:in `call'
  activesupport (4.2.11) lib/active_support/cache/strategy/local_cache_middleware.rb:28:in `call'
  rack (1.6.11) lib/rack/lock.rb:17:in `call'
  actionpack (4.2.11) lib/action_dispatch/middleware/static.rb:120:in `call'
  rack (1.6.11) lib/rack/sendfile.rb:113:in `call'
  railties (4.2.11) lib/rails/engine.rb:518:in `call'
  railties (4.2.11) lib/rails/application.rb:165:in `call'
  rack (1.6.11) lib/rack/lock.rb:17:in `call'
  rack (1.6.11) lib/rack/content_length.rb:15:in `call'
  rack (1.6.11) lib/rack/handler/webrick.rb:88:in `service'
  /Users/blaircarroll/.rvm/rubies/ruby-2.5.3/lib/ruby/2.5.0/webrick/httpserver.rb:140:in `service'
  /Users/blaircarroll/.rvm/rubies/ruby-2.5.3/lib/ruby/2.5.0/webrick/httpserver.rb:96:in `run'
  /Users/blaircarroll/.rvm/rubies/ruby-2.5.3/lib/ruby/2.5.0/webrick/server.rb:307:in `block in start_thread'


  Rendered /Users/blaircarroll/.rvm/gems/ruby-2.5.3/gems/actionpack-4.2.11/lib/action_dispatch/middleware/templates/rescues/_source.erb (5.3ms)
  Rendered /Users/blaircarroll/.rvm/gems/ruby-2.5.3/gems/actionpack-4.2.11/lib/action_dispatch/middleware/templates/rescues/_trace.html.erb (2.2ms)
  Rendered /Users/blaircarroll/.rvm/gems/ruby-2.5.3/gems/actionpack-4.2.11/lib/action_dispatch/middleware/templates/rescues/_request_and_response.html.erb (0.7ms)
  Rendered /Users/blaircarroll/.rvm/gems/ruby-2.5.3/gems/actionpack-4.2.11/lib/action_dispatch/middleware/templates/rescues/missing_template.html.erb within rescues/layout (87.3ms)


Started GET "/" for ::1 at 2019-01-12 22:38:01 -0500
Processing by Rails::WelcomeController#index as HTML
  Rendered /Users/blaircarroll/.rvm/gems/ruby-2.5.3/gems/railties-4.2.11/lib/rails/templates/rails/welcome/index.html.erb (0.7ms)
Completed 200 OK in 8ms (Views: 7.7ms | ActiveRecord: 0.0ms)


Started GET "/" for ::1 at 2019-01-12 22:38:04 -0500
Processing by Rails::WelcomeController#index as HTML
  Rendered /Users/blaircarroll/.rvm/gems/ruby-2.5.3/gems/railties-4.2.11/lib/rails/templates/rails/welcome/index.html.erb (0.1ms)
Completed 200 OK in 4ms (Views: 3.9ms | ActiveRecord: 0.0ms)


Started GET "/" for ::1 at 2019-01-14 15:37:03 -0500
Processing by Rails::WelcomeController#index as HTML
  Rendered /Users/blaircarroll/.rvm/gems/ruby-2.5.3/gems/railties-4.2.11/lib/rails/templates/rails/welcome/index.html.erb (1.8ms)
Completed 200 OK in 21ms (Views: 14.6ms | ActiveRecord: 0.0ms)


Started GET "/hello_world" for ::1 at 2019-01-14 15:37:12 -0500

ActionController::RoutingError (uninitialized constant HelloWorldController):
  activesupport (4.2.11) lib/active_support/inflector/methods.rb:261:in `const_get'
  activesupport (4.2.11) lib/active_support/inflector/methods.rb:261:in `block in constantize'
  activesupport (4.2.11) lib/active_support/inflector/methods.rb:259:in `each'
  activesupport (4.2.11) lib/active_support/inflector/methods.rb:259:in `inject'
  activesupport (4.2.11) lib/active_support/inflector/methods.rb:259:in `constantize'
  actionpack (4.2.11) lib/action_dispatch/routing/route_set.rb:70:in `controller_reference'
  actionpack (4.2.11) lib/action_dispatch/routing/route_set.rb:60:in `controller'
  actionpack (4.2.11) lib/action_dispatch/routing/route_set.rb:39:in `serve'
  actionpack (4.2.11) lib/action_dispatch/journey/router.rb:43:in `block in serve'
  actionpack (4.2.11) lib/action_dispatch/journey/router.rb:30:in `each'
  actionpack (4.2.11) lib/action_dispatch/journey/router.rb:30:in `serve'
  actionpack (4.2.11) lib/action_dispatch/routing/route_set.rb:817:in `call'
  rack (1.6.11) lib/rack/etag.rb:24:in `call'
  rack (1.6.11) lib/rack/conditionalget.rb:25:in `call'
  rack (1.6.11) lib/rack/head.rb:13:in `call'
  actionpack (4.2.11) lib/action_dispatch/middleware/params_parser.rb:27:in `call'
  actionpack (4.2.11) lib/action_dispatch/middleware/flash.rb:260:in `call'
  rack (1.6.11) lib/rack/session/abstract/id.rb:225:in `context'
  rack (1.6.11) lib/rack/session/abstract/id.rb:220:in `call'
  actionpack (4.2.11) lib/action_dispatch/middleware/cookies.rb:560:in `call'
  activerecord (4.2.11) lib/active_record/query_cache.rb:36:in `call'
  activerecord (4.2.11) lib/active_record/connection_adapters/abstract/connection_pool.rb:653:in `call'
  activerecord (4.2.11) lib/active_record/migration.rb:377:in `call'
  actionpack (4.2.11) lib/action_dispatch/middleware/callbacks.rb:29:in `block in call'
  activesupport (4.2.11) lib/active_support/callbacks.rb:88:in `__run_callbacks__'
  activesupport (4.2.11) lib/active_support/callbacks.rb:778:in `_run_call_callbacks'
  activesupport (4.2.11) lib/active_support/callbacks.rb:81:in `run_callbacks'
  actionpack (4.2.11) lib/action_dispatch/middleware/callbacks.rb:27:in `call'
  actionpack (4.2.11) lib/action_dispatch/middleware/reloader.rb:73:in `call'
  actionpack (4.2.11) lib/action_dispatch/middleware/remote_ip.rb:78:in `call'
  actionpack (4.2.11) lib/action_dispatch/middleware/debug_exceptions.rb:17:in `call'
  actionpack (4.2.11) lib/action_dispatch/middleware/show_exceptions.rb:30:in `call'
  railties (4.2.11) lib/rails/rack/logger.rb:38:in `call_app'
  railties (4.2.11) lib/rails/rack/logger.rb:20:in `block in call'
  activesupport (4.2.11) lib/active_support/tagged_logging.rb:68:in `block in tagged'
  activesupport (4.2.11) lib/active_support/tagged_logging.rb:26:in `tagged'
  activesupport (4.2.11) lib/active_support/tagged_logging.rb:68:in `tagged'
  railties (4.2.11) lib/rails/rack/logger.rb:20:in `call'
  actionpack (4.2.11) lib/action_dispatch/middleware/request_id.rb:21:in `call'
  rack (1.6.11) lib/rack/methodoverride.rb:22:in `call'
  rack (1.6.11) lib/rack/runtime.rb:18:in `call'
  activesupport (4.2.11) lib/active_support/cache/strategy/local_cache_middleware.rb:28:in `call'
  rack (1.6.11) lib/rack/lock.rb:17:in `call'
  actionpack (4.2.11) lib/action_dispatch/middleware/static.rb:120:in `call'
  rack (1.6.11) lib/rack/sendfile.rb:113:in `call'
  railties (4.2.11) lib/rails/engine.rb:518:in `call'
  railties (4.2.11) lib/rails/application.rb:165:in `call'
  rack (1.6.11) lib/rack/lock.rb:17:in `call'
  rack (1.6.11) lib/rack/content_length.rb:15:in `call'
  rack (1.6.11) lib/rack/handler/webrick.rb:88:in `service'
  /Users/blaircarroll/.rvm/rubies/ruby-2.5.3/lib/ruby/2.5.0/webrick/httpserver.rb:140:in `service'
  /Users/blaircarroll/.rvm/rubies/ruby-2.5.3/lib/ruby/2.5.0/webrick/httpserver.rb:96:in `run'
  /Users/blaircarroll/.rvm/rubies/ruby-2.5.3/lib/ruby/2.5.0/webrick/server.rb:307:in `block in start_thread'


  Rendered /Users/blaircarroll/.rvm/gems/ruby-2.5.3/gems/actionpack-4.2.11/lib/action_dispatch/middleware/templates/rescues/_trace.html.erb (1.5ms)
  Rendered /Users/blaircarroll/.rvm/gems/ruby-2.5.3/gems/actionpack-4.2.11/lib/action_dispatch/middleware/templates/routes/_route.html.erb (0.7ms)
  Rendered /Users/blaircarroll/.rvm/gems/ruby-2.5.3/gems/actionpack-4.2.11/lib/action_dispatch/middleware/templates/routes/_table.html.erb (10.0ms)
  Rendered /Users/blaircarroll/.rvm/gems/ruby-2.5.3/gems/actionpack-4.2.11/lib/action_dispatch/middleware/templates/rescues/_request_and_response.html.erb (1.0ms)
  Rendered /Users/blaircarroll/.rvm/gems/ruby-2.5.3/gems/actionpack-4.2.11/lib/action_dispatch/middleware/templates/rescues/routing_error.html.erb within rescues/layout (129.9ms)


Started GET "/hello_world" for ::1 at 2019-01-14 15:39:36 -0500

ActionController::RoutingError (uninitialized constant HelloWorldController):
  activesupport (4.2.11) lib/active_support/inflector/methods.rb:261:in `const_get'
  activesupport (4.2.11) lib/active_support/inflector/methods.rb:261:in `block in constantize'
  activesupport (4.2.11) lib/active_support/inflector/methods.rb:259:in `each'
  activesupport (4.2.11) lib/active_support/inflector/methods.rb:259:in `inject'
  activesupport (4.2.11) lib/active_support/inflector/methods.rb:259:in `constantize'
  actionpack (4.2.11) lib/action_dispatch/routing/route_set.rb:70:in `controller_reference'
  actionpack (4.2.11) lib/action_dispatch/routing/route_set.rb:60:in `controller'
  actionpack (4.2.11) lib/action_dispatch/routing/route_set.rb:39:in `serve'
  actionpack (4.2.11) lib/action_dispatch/journey/router.rb:43:in `block in serve'
  actionpack (4.2.11) lib/action_dispatch/journey/router.rb:30:in `each'
  actionpack (4.2.11) lib/action_dispatch/journey/router.rb:30:in `serve'
  actionpack (4.2.11) lib/action_dispatch/routing/route_set.rb:817:in `call'
  rack (1.6.11) lib/rack/etag.rb:24:in `call'
  rack (1.6.11) lib/rack/conditionalget.rb:25:in `call'
  rack (1.6.11) lib/rack/head.rb:13:in `call'
  actionpack (4.2.11) lib/action_dispatch/middleware/params_parser.rb:27:in `call'
  actionpack (4.2.11) lib/action_dispatch/middleware/flash.rb:260:in `call'
  rack (1.6.11) lib/rack/session/abstract/id.rb:225:in `context'
  rack (1.6.11) lib/rack/session/abstract/id.rb:220:in `call'
  actionpack (4.2.11) lib/action_dispatch/middleware/cookies.rb:560:in `call'
  activerecord (4.2.11) lib/active_record/query_cache.rb:36:in `call'
  activerecord (4.2.11) lib/active_record/connection_adapters/abstract/connection_pool.rb:653:in `call'
  activerecord (4.2.11) lib/active_record/migration.rb:377:in `call'
  actionpack (4.2.11) lib/action_dispatch/middleware/callbacks.rb:29:in `block in call'
  activesupport (4.2.11) lib/active_support/callbacks.rb:88:in `__run_callbacks__'
  activesupport (4.2.11) lib/active_support/callbacks.rb:778:in `_run_call_callbacks'
  activesupport (4.2.11) lib/active_support/callbacks.rb:81:in `run_callbacks'
  actionpack (4.2.11) lib/action_dispatch/middleware/callbacks.rb:27:in `call'
  actionpack (4.2.11) lib/action_dispatch/middleware/reloader.rb:73:in `call'
  actionpack (4.2.11) lib/action_dispatch/middleware/remote_ip.rb:78:in `call'
  actionpack (4.2.11) lib/action_dispatch/middleware/debug_exceptions.rb:17:in `call'
  actionpack (4.2.11) lib/action_dispatch/middleware/show_exceptions.rb:30:in `call'
  railties (4.2.11) lib/rails/rack/logger.rb:38:in `call_app'
  railties (4.2.11) lib/rails/rack/logger.rb:20:in `block in call'
  activesupport (4.2.11) lib/active_support/tagged_logging.rb:68:in `block in tagged'
  activesupport (4.2.11) lib/active_support/tagged_logging.rb:26:in `tagged'
  activesupport (4.2.11) lib/active_support/tagged_logging.rb:68:in `tagged'
  railties (4.2.11) lib/rails/rack/logger.rb:20:in `call'
  actionpack (4.2.11) lib/action_dispatch/middleware/request_id.rb:21:in `call'
  rack (1.6.11) lib/rack/methodoverride.rb:22:in `call'
  rack (1.6.11) lib/rack/runtime.rb:18:in `call'
  activesupport (4.2.11) lib/active_support/cache/strategy/local_cache_middleware.rb:28:in `call'
  rack (1.6.11) lib/rack/lock.rb:17:in `call'
  actionpack (4.2.11) lib/action_dispatch/middleware/static.rb:120:in `call'
  rack (1.6.11) lib/rack/sendfile.rb:113:in `call'
  railties (4.2.11) lib/rails/engine.rb:518:in `call'
  railties (4.2.11) lib/rails/application.rb:165:in `call'
  rack (1.6.11) lib/rack/lock.rb:17:in `call'
  rack (1.6.11) lib/rack/content_length.rb:15:in `call'
  rack (1.6.11) lib/rack/handler/webrick.rb:88:in `service'
  /Users/blaircarroll/.rvm/rubies/ruby-2.5.3/lib/ruby/2.5.0/webrick/httpserver.rb:140:in `service'
  /Users/blaircarroll/.rvm/rubies/ruby-2.5.3/lib/ruby/2.5.0/webrick/httpserver.rb:96:in `run'
  /Users/blaircarroll/.rvm/rubies/ruby-2.5.3/lib/ruby/2.5.0/webrick/server.rb:307:in `block in start_thread'


  Rendered /Users/blaircarroll/.rvm/gems/ruby-2.5.3/gems/actionpack-4.2.11/lib/action_dispatch/middleware/templates/rescues/_trace.html.erb (1.6ms)
  Rendered /Users/blaircarroll/.rvm/gems/ruby-2.5.3/gems/actionpack-4.2.11/lib/action_dispatch/middleware/templates/routes/_route.html.erb (0.9ms)
  Rendered /Users/blaircarroll/.rvm/gems/ruby-2.5.3/gems/actionpack-4.2.11/lib/action_dispatch/middleware/templates/routes/_table.html.erb (1.1ms)
  Rendered /Users/blaircarroll/.rvm/gems/ruby-2.5.3/gems/actionpack-4.2.11/lib/action_dispatch/middleware/templates/rescues/_request_and_response.html.erb (1.1ms)
  Rendered /Users/blaircarroll/.rvm/gems/ruby-2.5.3/gems/actionpack-4.2.11/lib/action_dispatch/middleware/templates/rescues/routing_error.html.erb within rescues/layout (110.3ms)


Started GET "/hello_world" for ::1 at 2019-01-14 15:39:42 -0500

ActionController::RoutingError (uninitialized constant HelloWorldController):
  activesupport (4.2.11) lib/active_support/inflector/methods.rb:261:in `const_get'
  activesupport (4.2.11) lib/active_support/inflector/methods.rb:261:in `block in constantize'
  activesupport (4.2.11) lib/active_support/inflector/methods.rb:259:in `each'
  activesupport (4.2.11) lib/active_support/inflector/methods.rb:259:in `inject'
  activesupport (4.2.11) lib/active_support/inflector/methods.rb:259:in `constantize'
  actionpack (4.2.11) lib/action_dispatch/routing/route_set.rb:70:in `controller_reference'
  actionpack (4.2.11) lib/action_dispatch/routing/route_set.rb:60:in `controller'
  actionpack (4.2.11) lib/action_dispatch/routing/route_set.rb:39:in `serve'
  actionpack (4.2.11) lib/action_dispatch/journey/router.rb:43:in `block in serve'
  actionpack (4.2.11) lib/action_dispatch/journey/router.rb:30:in `each'
  actionpack (4.2.11) lib/action_dispatch/journey/router.rb:30:in `serve'
  actionpack (4.2.11) lib/action_dispatch/routing/route_set.rb:817:in `call'
  rack (1.6.11) lib/rack/etag.rb:24:in `call'
  rack (1.6.11) lib/rack/conditionalget.rb:25:in `call'
  rack (1.6.11) lib/rack/head.rb:13:in `call'
  actionpack (4.2.11) lib/action_dispatch/middleware/params_parser.rb:27:in `call'
  actionpack (4.2.11) lib/action_dispatch/middleware/flash.rb:260:in `call'
  rack (1.6.11) lib/rack/session/abstract/id.rb:225:in `context'
  rack (1.6.11) lib/rack/session/abstract/id.rb:220:in `call'
  actionpack (4.2.11) lib/action_dispatch/middleware/cookies.rb:560:in `call'
  activerecord (4.2.11) lib/active_record/query_cache.rb:36:in `call'
  activerecord (4.2.11) lib/active_record/connection_adapters/abstract/connection_pool.rb:653:in `call'
  activerecord (4.2.11) lib/active_record/migration.rb:377:in `call'
  actionpack (4.2.11) lib/action_dispatch/middleware/callbacks.rb:29:in `block in call'
  activesupport (4.2.11) lib/active_support/callbacks.rb:88:in `__run_callbacks__'
  activesupport (4.2.11) lib/active_support/callbacks.rb:778:in `_run_call_callbacks'
  activesupport (4.2.11) lib/active_support/callbacks.rb:81:in `run_callbacks'
  actionpack (4.2.11) lib/action_dispatch/middleware/callbacks.rb:27:in `call'
  actionpack (4.2.11) lib/action_dispatch/middleware/reloader.rb:73:in `call'
  actionpack (4.2.11) lib/action_dispatch/middleware/remote_ip.rb:78:in `call'
  actionpack (4.2.11) lib/action_dispatch/middleware/debug_exceptions.rb:17:in `call'
  actionpack (4.2.11) lib/action_dispatch/middleware/show_exceptions.rb:30:in `call'
  railties (4.2.11) lib/rails/rack/logger.rb:38:in `call_app'
  railties (4.2.11) lib/rails/rack/logger.rb:20:in `block in call'
  activesupport (4.2.11) lib/active_support/tagged_logging.rb:68:in `block in tagged'
  activesupport (4.2.11) lib/active_support/tagged_logging.rb:26:in `tagged'
  activesupport (4.2.11) lib/active_support/tagged_logging.rb:68:in `tagged'
  railties (4.2.11) lib/rails/rack/logger.rb:20:in `call'
  actionpack (4.2.11) lib/action_dispatch/middleware/request_id.rb:21:in `call'
  rack (1.6.11) lib/rack/methodoverride.rb:22:in `call'
  rack (1.6.11) lib/rack/runtime.rb:18:in `call'
  activesupport (4.2.11) lib/active_support/cache/strategy/local_cache_middleware.rb:28:in `call'
  rack (1.6.11) lib/rack/lock.rb:17:in `call'
  actionpack (4.2.11) lib/action_dispatch/middleware/static.rb:120:in `call'
  rack (1.6.11) lib/rack/sendfile.rb:113:in `call'
  railties (4.2.11) lib/rails/engine.rb:518:in `call'
  railties (4.2.11) lib/rails/application.rb:165:in `call'
  rack (1.6.11) lib/rack/lock.rb:17:in `call'
  rack (1.6.11) lib/rack/content_length.rb:15:in `call'
  rack (1.6.11) lib/rack/handler/webrick.rb:88:in `service'
  /Users/blaircarroll/.rvm/rubies/ruby-2.5.3/lib/ruby/2.5.0/webrick/httpserver.rb:140:in `service'
  /Users/blaircarroll/.rvm/rubies/ruby-2.5.3/lib/ruby/2.5.0/webrick/httpserver.rb:96:in `run'
  /Users/blaircarroll/.rvm/rubies/ruby-2.5.3/lib/ruby/2.5.0/webrick/server.rb:307:in `block in start_thread'


  Rendered /Users/blaircarroll/.rvm/gems/ruby-2.5.3/gems/actionpack-4.2.11/lib/action_dispatch/middleware/templates/rescues/_trace.html.erb (1.4ms)
  Rendered /Users/blaircarroll/.rvm/gems/ruby-2.5.3/gems/actionpack-4.2.11/lib/action_dispatch/middleware/templates/routes/_route.html.erb (0.6ms)
  Rendered /Users/blaircarroll/.rvm/gems/ruby-2.5.3/gems/actionpack-4.2.11/lib/action_dispatch/middleware/templates/routes/_table.html.erb (1.0ms)
  Rendered /Users/blaircarroll/.rvm/gems/ruby-2.5.3/gems/actionpack-4.2.11/lib/action_dispatch/middleware/templates/rescues/_request_and_response.html.erb (0.9ms)
  Rendered /Users/blaircarroll/.rvm/gems/ruby-2.5.3/gems/actionpack-4.2.11/lib/action_dispatch/middleware/templates/rescues/routing_error.html.erb within rescues/layout (106.2ms)


Started GET "/hello_world" for ::1 at 2019-01-14 15:40:22 -0500

ActionController::RoutingError (uninitialized constant HelloWorldController):
  activesupport (4.2.11) lib/active_support/inflector/methods.rb:261:in `const_get'
  activesupport (4.2.11) lib/active_support/inflector/methods.rb:261:in `block in constantize'
  activesupport (4.2.11) lib/active_support/inflector/methods.rb:259:in `each'
  activesupport (4.2.11) lib/active_support/inflector/methods.rb:259:in `inject'
  activesupport (4.2.11) lib/active_support/inflector/methods.rb:259:in `constantize'
  actionpack (4.2.11) lib/action_dispatch/routing/route_set.rb:70:in `controller_reference'
  actionpack (4.2.11) lib/action_dispatch/routing/route_set.rb:60:in `controller'
  actionpack (4.2.11) lib/action_dispatch/routing/route_set.rb:39:in `serve'
  actionpack (4.2.11) lib/action_dispatch/journey/router.rb:43:in `block in serve'
  actionpack (4.2.11) lib/action_dispatch/journey/router.rb:30:in `each'
  actionpack (4.2.11) lib/action_dispatch/journey/router.rb:30:in `serve'
  actionpack (4.2.11) lib/action_dispatch/routing/route_set.rb:817:in `call'
  rack (1.6.11) lib/rack/etag.rb:24:in `call'
  rack (1.6.11) lib/rack/conditionalget.rb:25:in `call'
  rack (1.6.11) lib/rack/head.rb:13:in `call'
  actionpack (4.2.11) lib/action_dispatch/middleware/params_parser.rb:27:in `call'
  actionpack (4.2.11) lib/action_dispatch/middleware/flash.rb:260:in `call'
  rack (1.6.11) lib/rack/session/abstract/id.rb:225:in `context'
  rack (1.6.11) lib/rack/session/abstract/id.rb:220:in `call'
  actionpack (4.2.11) lib/action_dispatch/middleware/cookies.rb:560:in `call'
  activerecord (4.2.11) lib/active_record/query_cache.rb:36:in `call'
  activerecord (4.2.11) lib/active_record/connection_adapters/abstract/connection_pool.rb:653:in `call'
  activerecord (4.2.11) lib/active_record/migration.rb:377:in `call'
  actionpack (4.2.11) lib/action_dispatch/middleware/callbacks.rb:29:in `block in call'
  activesupport (4.2.11) lib/active_support/callbacks.rb:88:in `__run_callbacks__'
  activesupport (4.2.11) lib/active_support/callbacks.rb:778:in `_run_call_callbacks'
  activesupport (4.2.11) lib/active_support/callbacks.rb:81:in `run_callbacks'
  actionpack (4.2.11) lib/action_dispatch/middleware/callbacks.rb:27:in `call'
  actionpack (4.2.11) lib/action_dispatch/middleware/reloader.rb:73:in `call'
  actionpack (4.2.11) lib/action_dispatch/middleware/remote_ip.rb:78:in `call'
  actionpack (4.2.11) lib/action_dispatch/middleware/debug_exceptions.rb:17:in `call'
  actionpack (4.2.11) lib/action_dispatch/middleware/show_exceptions.rb:30:in `call'
  railties (4.2.11) lib/rails/rack/logger.rb:38:in `call_app'
  railties (4.2.11) lib/rails/rack/logger.rb:20:in `block in call'
  activesupport (4.2.11) lib/active_support/tagged_logging.rb:68:in `block in tagged'
  activesupport (4.2.11) lib/active_support/tagged_logging.rb:26:in `tagged'
  activesupport (4.2.11) lib/active_support/tagged_logging.rb:68:in `tagged'
  railties (4.2.11) lib/rails/rack/logger.rb:20:in `call'
  actionpack (4.2.11) lib/action_dispatch/middleware/request_id.rb:21:in `call'
  rack (1.6.11) lib/rack/methodoverride.rb:22:in `call'
  rack (1.6.11) lib/rack/runtime.rb:18:in `call'
  activesupport (4.2.11) lib/active_support/cache/strategy/local_cache_middleware.rb:28:in `call'
  rack (1.6.11) lib/rack/lock.rb:17:in `call'
  actionpack (4.2.11) lib/action_dispatch/middleware/static.rb:120:in `call'
  rack (1.6.11) lib/rack/sendfile.rb:113:in `call'
  railties (4.2.11) lib/rails/engine.rb:518:in `call'
  railties (4.2.11) lib/rails/application.rb:165:in `call'
  rack (1.6.11) lib/rack/lock.rb:17:in `call'
  rack (1.6.11) lib/rack/content_length.rb:15:in `call'
  rack (1.6.11) lib/rack/handler/webrick.rb:88:in `service'
  /Users/blaircarroll/.rvm/rubies/ruby-2.5.3/lib/ruby/2.5.0/webrick/httpserver.rb:140:in `service'
  /Users/blaircarroll/.rvm/rubies/ruby-2.5.3/lib/ruby/2.5.0/webrick/httpserver.rb:96:in `run'
  /Users/blaircarroll/.rvm/rubies/ruby-2.5.3/lib/ruby/2.5.0/webrick/server.rb:307:in `block in start_thread'


  Rendered /Users/blaircarroll/.rvm/gems/ruby-2.5.3/gems/actionpack-4.2.11/lib/action_dispatch/middleware/templates/rescues/_trace.html.erb (1.6ms)
  Rendered /Users/blaircarroll/.rvm/gems/ruby-2.5.3/gems/actionpack-4.2.11/lib/action_dispatch/middleware/templates/routes/_route.html.erb (0.6ms)
  Rendered /Users/blaircarroll/.rvm/gems/ruby-2.5.3/gems/actionpack-4.2.11/lib/action_dispatch/middleware/templates/routes/_table.html.erb (7.7ms)
  Rendered /Users/blaircarroll/.rvm/gems/ruby-2.5.3/gems/actionpack-4.2.11/lib/action_dispatch/middleware/templates/rescues/_request_and_response.html.erb (6.5ms)
  Rendered /Users/blaircarroll/.rvm/gems/ruby-2.5.3/gems/actionpack-4.2.11/lib/action_dispatch/middleware/templates/rescues/routing_error.html.erb within rescues/layout (130.5ms)


Started GET "/hello_world" for ::1 at 2019-01-14 15:40:59 -0500
Processing by HelloWorldController#index as HTML
Completed 500 Internal Server Error in 8ms (ActiveRecord: 0.0ms)

ActionView::MissingTemplate (Missing template hello_world/hello_world, application/hello_world with {:locale=>[:en], :formats=>[:html], :variants=>[], :handlers=>[:erb, :builder, :raw, :ruby, :coffee, :jbuilder]}. Searched in:
  * "/Users/blaircarroll/Labs/mod2/rails-hello-world-lab-atlanta-web-career-121018/app/views"
):
  app/controllers/hello_world_controller.rb:3:in `index'


  Rendered /Users/blaircarroll/.rvm/gems/ruby-2.5.3/gems/actionpack-4.2.11/lib/action_dispatch/middleware/templates/rescues/_source.erb (5.4ms)
  Rendered /Users/blaircarroll/.rvm/gems/ruby-2.5.3/gems/actionpack-4.2.11/lib/action_dispatch/middleware/templates/rescues/_trace.html.erb (2.1ms)
  Rendered /Users/blaircarroll/.rvm/gems/ruby-2.5.3/gems/actionpack-4.2.11/lib/action_dispatch/middleware/templates/rescues/_request_and_response.html.erb (0.8ms)
  Rendered /Users/blaircarroll/.rvm/gems/ruby-2.5.3/gems/actionpack-4.2.11/lib/action_dispatch/middleware/templates/rescues/missing_template.html.erb within rescues/layout (86.9ms)


Started GET "/hello_world" for ::1 at 2019-01-14 15:42:03 -0500
Processing by HelloWorldController#index as HTML
Completed 500 Internal Server Error in 5ms (ActiveRecord: 0.0ms)

ActionView::MissingTemplate (Missing template hello_world/hello, application/hello with {:locale=>[:en], :formats=>[:html], :variants=>[], :handlers=>[:erb, :builder, :raw, :ruby, :coffee, :jbuilder]}. Searched in:
  * "/Users/blaircarroll/Labs/mod2/rails-hello-world-lab-atlanta-web-career-121018/app/views"
):
  app/controllers/hello_world_controller.rb:3:in `index'


  Rendered /Users/blaircarroll/.rvm/gems/ruby-2.5.3/gems/actionpack-4.2.11/lib/action_dispatch/middleware/templates/rescues/_source.erb (3.6ms)
  Rendered /Users/blaircarroll/.rvm/gems/ruby-2.5.3/gems/actionpack-4.2.11/lib/action_dispatch/middleware/templates/rescues/_trace.html.erb (2.2ms)
  Rendered /Users/blaircarroll/.rvm/gems/ruby-2.5.3/gems/actionpack-4.2.11/lib/action_dispatch/middleware/templates/rescues/_request_and_response.html.erb (0.8ms)
  Rendered /Users/blaircarroll/.rvm/gems/ruby-2.5.3/gems/actionpack-4.2.11/lib/action_dispatch/middleware/templates/rescues/missing_template.html.erb within rescues/layout (80.6ms)


Started GET "/hello_world" for ::1 at 2019-01-14 15:49:51 -0500
Processing by HelloController#index as HTML
Completed 500 Internal Server Error in 19ms (ActiveRecord: 0.0ms)

ActionView::MissingTemplate (Missing template hello/hello, application/hello with {:locale=>[:en], :formats=>[:html], :variants=>[], :handlers=>[:erb, :builder, :raw, :ruby, :coffee, :jbuilder]}. Searched in:
  * "/Users/blaircarroll/Labs/mod2/rails-hello-world-lab-atlanta-web-career-121018/app/views"
):
  app/controllers/hello_controller.rb:3:in `index'


  Rendered /Users/blaircarroll/.rvm/gems/ruby-2.5.3/gems/actionpack-4.2.11/lib/action_dispatch/middleware/templates/rescues/_source.erb (4.2ms)
  Rendered /Users/blaircarroll/.rvm/gems/ruby-2.5.3/gems/actionpack-4.2.11/lib/action_dispatch/middleware/templates/rescues/_trace.html.erb (4.7ms)
  Rendered /Users/blaircarroll/.rvm/gems/ruby-2.5.3/gems/actionpack-4.2.11/lib/action_dispatch/middleware/templates/rescues/_request_and_response.html.erb (0.8ms)
  Rendered /Users/blaircarroll/.rvm/gems/ruby-2.5.3/gems/actionpack-4.2.11/lib/action_dispatch/middleware/templates/rescues/missing_template.html.erb within rescues/layout (90.2ms)


Started GET "/hello_world" for ::1 at 2019-01-14 15:51:02 -0500
Processing by HelloController#index as HTML
Completed 500 Internal Server Error in 6ms (ActiveRecord: 0.0ms)

ActionView::MissingTemplate (Missing template hello/hello, application/hello with {:locale=>[:en], :formats=>[:html], :variants=>[], :handlers=>[:erb, :builder, :raw, :ruby, :coffee, :jbuilder]}. Searched in:
  * "/Users/blaircarroll/Labs/mod2/rails-hello-world-lab-atlanta-web-career-121018/app/views"
):
  app/controllers/hello_controller.rb:3:in `index'


  Rendered /Users/blaircarroll/.rvm/gems/ruby-2.5.3/gems/actionpack-4.2.11/lib/action_dispatch/middleware/templates/rescues/_source.erb (4.1ms)
  Rendered /Users/blaircarroll/.rvm/gems/ruby-2.5.3/gems/actionpack-4.2.11/lib/action_dispatch/middleware/templates/rescues/_trace.html.erb (2.1ms)
  Rendered /Users/blaircarroll/.rvm/gems/ruby-2.5.3/gems/actionpack-4.2.11/lib/action_dispatch/middleware/templates/rescues/_request_and_response.html.erb (0.8ms)
  Rendered /Users/blaircarroll/.rvm/gems/ruby-2.5.3/gems/actionpack-4.2.11/lib/action_dispatch/middleware/templates/rescues/missing_template.html.erb within rescues/layout (82.0ms)
